Line 20: Class glxpbuttonz.UserButtonz of control UserButtonz14 was not a loaded control class.
Line 50: Class Styler_button.StylerButton of control StylerButton3 was not a loaded control class.
Line 74: Class Styler_button.StylerButton of control StylerButton2 was not a loaded control class.
Line 98: Class Styler_button.StylerButton of control StylerButton1 was not a loaded control class.
Line 122: Class glxpbuttonz.UserButtonz of control UserButtonz13 was not a loaded control class.
Line 153: Class glxpbuttonz.UserButtonz of control UserButtonz12 was not a loaded control class.
Line 183: Class vbskpro.Skinner of control Skinner1 was not a loaded control class.
Line 190: Class glxpbuttonz.UserButtonz of control UserButtonz11 was not a loaded control class.
Line 220: Class Styler_button.StylerButton of control cmddivide was not a loaded control class.
Line 244: Class Styler_button.StylerButton of control StylerButton6 was not a loaded control class.
Line 268: Class Styler_button.StylerButton of control cmdsubtract was not a loaded control class.
Line 292: Class Styler_button.StylerButton of control cmdmultiply was not a loaded control class.
Line 316: Class Styler_button.StylerButton of control cmdadd was not a loaded control class.
Line 340: Class glxpbuttonz.UserButtonz of control UserButtonz10 was not a loaded control class.
Line 370: Class glxpbuttonz.UserButtonz of control UserButtonz9 was not a loaded control class.
Line 400: Class glxpbuttonz.UserButtonz of control UserButtonz8 was not a loaded control class.
Line 430: Class glxpbuttonz.UserButtonz of control UserButtonz7 was not a loaded control class.
Line 460: Class glxpbuttonz.UserButtonz of control UserButtonz6 was not a loaded control class.
Line 490: Class glxpbuttonz.UserButtonz of control UserButtonz5 was not a loaded control class.
Line 520: Class glxpbuttonz.UserButtonz of control UserButtonz4 was not a loaded control class.
Line 550: Class glxpbuttonz.UserButtonz of control UserButtonz3 was not a loaded control class.
Line 580: Class glxpbuttonz.UserButtonz of control UserButtonz2 was not a loaded control class.
Line 610: Class glxpbuttonz.UserButtonz of control UserButtonz1 was not a loaded control class.
Line 26: The property name _ExtentX in UserButtonz14 is invalid.
Line 27: The property name _ExtentY in UserButtonz14 is invalid.
Line 37: The property name Caption in UserButtonz14 is invalid.
Line 38: The property name IconHighLiteColor in UserButtonz14 is invalid.
Line 39: The property name CaptionHighLiteColor in UserButtonz14 is invalid.
Line 40: The property name Style in UserButtonz14 is invalid.
Line 41: The property name Checked in UserButtonz14 is invalid.
Line 42: The property name ColorButtonHover in UserButtonz14 is invalid.
Line 43: The property name ColorButtonUp in UserButtonz14 is invalid.
Line 44: The property name ColorButtonDown in UserButtonz14 is invalid.
Line 45: The property name BorderBrightness in UserButtonz14 is invalid.
Line 46: The property name ColorBright in UserButtonz14 is invalid.
Line 47: The property name DisplayHand in UserButtonz14 is invalid.
Line 48: The property name ColorScheme in UserButtonz14 is invalid.
Line 56: The property name _ExtentX in StylerButton3 is invalid.
Line 57: The property name _ExtentY in StylerButton3 is invalid.
Line 58: The property name Caption in StylerButton3 is invalid.
Line 60: The property name CaptionDisableColor in StylerButton3 is invalid.
Line 61: The property name CaptionEffectColor in StylerButton3 is invalid.
Line 62: The property name CaptionEffect in StylerButton3 is invalid.
Line 63: The property name IconDisableColor in StylerButton3 is invalid.
Line 80: The property name _ExtentX in StylerButton2 is invalid.
Line 81: The property name _ExtentY in StylerButton2 is invalid.
Line 82: The property name Caption in StylerButton2 is invalid.
Line 84: The property name CaptionDisableColor in StylerButton2 is invalid.
Line 85: The property name CaptionEffectColor in StylerButton2 is invalid.
Line 86: The property name CaptionEffect in StylerButton2 is invalid.
Line 87: The property name IconDisableColor in StylerButton2 is invalid.
Line 104: The property name _ExtentX in StylerButton1 is invalid.
Line 105: The property name _ExtentY in StylerButton1 is invalid.
Line 106: The property name Caption in StylerButton1 is invalid.
Line 108: The property name CaptionDisableColor in StylerButton1 is invalid.
Line 109: The property name CaptionEffectColor in StylerButton1 is invalid.
Line 110: The property name CaptionEffect in StylerButton1 is invalid.
Line 111: The property name IconDisableColor in StylerButton1 is invalid.
Line 129: The property name _ExtentX in UserButtonz13 is invalid.
Line 130: The property name _ExtentY in UserButtonz13 is invalid.
Line 140: The property name Caption in UserButtonz13 is invalid.
Line 141: The property name IconHighLiteColor in UserButtonz13 is invalid.
Line 142: The property name CaptionHighLiteColor in UserButtonz13 is invalid.
Line 143: The property name Style in UserButtonz13 is invalid.
Line 144: The property name Checked in UserButtonz13 is invalid.
Line 145: The property name ColorButtonHover in UserButtonz13 is invalid.
Line 146: The property name ColorButtonUp in UserButtonz13 is invalid.
Line 147: The property name ColorButtonDown in UserButtonz13 is invalid.
Line 148: The property name BorderBrightness in UserButtonz13 is invalid.
Line 149: The property name ColorBright in UserButtonz13 is invalid.
Line 150: The property name DisplayHand in UserButtonz13 is invalid.
Line 151: The property name ColorScheme in UserButtonz13 is invalid.
Line 159: The property name _ExtentX in UserButtonz12 is invalid.
Line 160: The property name _ExtentY in UserButtonz12 is invalid.
Line 170: The property name Caption in UserButtonz12 is invalid.
Line 171: The property name IconHighLiteColor in UserButtonz12 is invalid.
Line 172: The property name CaptionHighLiteColor in UserButtonz12 is invalid.
Line 173: The property name Style in UserButtonz12 is invalid.
Line 174: The property name Checked in UserButtonz12 is invalid.
Line 175: The property name ColorButtonHover in UserButtonz12 is invalid.
Line 176: The property name ColorButtonUp in UserButtonz12 is invalid.
Line 177: The property name ColorButtonDown in UserButtonz12 is invalid.
Line 178: The property name BorderBrightness in UserButtonz12 is invalid.
Line 179: The property name ColorBright in UserButtonz12 is invalid.
Line 180: The property name DisplayHand in UserButtonz12 is invalid.
Line 181: The property name ColorScheme in UserButtonz12 is invalid.
Line 186: The property name _ExtentX in Skinner1 is invalid.
Line 187: The property name _ExtentY in Skinner1 is invalid.
Line 188: The property name SysDisableSkinCaption in Skinner1 is invalid.
Line 196: The property name _ExtentX in UserButtonz11 is invalid.
Line 197: The property name _ExtentY in UserButtonz11 is invalid.
Line 207: The property name Caption in UserButtonz11 is invalid.
Line 208: The property name IconHighLiteColor in UserButtonz11 is invalid.
Line 209: The property name CaptionHighLiteColor in UserButtonz11 is invalid.
Line 210: The property name Style in UserButtonz11 is invalid.
Line 211: The property name Checked in UserButtonz11 is invalid.
Line 212: The property name ColorButtonHover in UserButtonz11 is invalid.
Line 213: The property name ColorButtonUp in UserButtonz11 is invalid.
Line 214: The property name ColorButtonDown in UserButtonz11 is invalid.
Line 215: The property name BorderBrightness in UserButtonz11 is invalid.
Line 216: The property name ColorBright in UserButtonz11 is invalid.
Line 217: The property name DisplayHand in UserButtonz11 is invalid.
Line 218: The property name ColorScheme in UserButtonz11 is invalid.
Line 226: The property name _ExtentX in cmddivide is invalid.
Line 227: The property name _ExtentY in cmddivide is invalid.
Line 228: The property name Caption in cmddivide is invalid.
Line 230: The property name CaptionDisableColor in cmddivide is invalid.
Line 231: The property name CaptionEffectColor in cmddivide is invalid.
Line 232: The property name CaptionEffect in cmddivide is invalid.
Line 233: The property name IconDisableColor in cmddivide is invalid.
Line 250: The property name _ExtentX in StylerButton6 is invalid.
Line 251: The property name _ExtentY in StylerButton6 is invalid.
Line 252: The property name Caption in StylerButton6 is invalid.
Line 254: The property name CaptionDisableColor in StylerButton6 is invalid.
Line 255: The property name CaptionEffectColor in StylerButton6 is invalid.
Line 256: The property name CaptionEffect in StylerButton6 is invalid.
Line 257: The property name IconDisableColor in StylerButton6 is invalid.
Line 274: The property name _ExtentX in cmdsubtract is invalid.
Line 275: The property name _ExtentY in cmdsubtract is invalid.
Line 276: The property name Caption in cmdsubtract is invalid.
Line 278: The property name CaptionDisableColor in cmdsubtract is invalid.
Line 279: The property name CaptionEffectColor in cmdsubtract is invalid.
Line 280: The property name CaptionEffect in cmdsubtract is invalid.
Line 281: The property name IconDisableColor in cmdsubtract is invalid.
Line 298: The property name _ExtentX in cmdmultiply is invalid.
Line 299: The property name _ExtentY in cmdmultiply is invalid.
Line 300: The property name Caption in cmdmultiply is invalid.
Line 302: The property name CaptionDisableColor in cmdmultiply is invalid.
Line 303: The property name CaptionEffectColor in cmdmultiply is invalid.
Line 304: The property name CaptionEffect in cmdmultiply is invalid.
Line 305: The property name IconDisableColor in cmdmultiply is invalid.
Line 322: The property name _ExtentX in cmdadd is invalid.
Line 323: The property name _ExtentY in cmdadd is invalid.
Line 324: The property name Caption in cmdadd is invalid.
Line 326: The property name CaptionDisableColor in cmdadd is invalid.
Line 327: The property name CaptionEffectColor in cmdadd is invalid.
Line 328: The property name CaptionEffect in cmdadd is invalid.
Line 329: The property name IconDisableColor in cmdadd is invalid.
Line 346: The property name _ExtentX in UserButtonz10 is invalid.
Line 347: The property name _ExtentY in UserButtonz10 is invalid.
Line 357: The property name Caption in UserButtonz10 is invalid.
Line 358: The property name IconHighLiteColor in UserButtonz10 is invalid.
Line 359: The property name CaptionHighLiteColor in UserButtonz10 is invalid.
Line 360: The property name Style in UserButtonz10 is invalid.
Line 361: The property name Checked in UserButtonz10 is invalid.
Line 362: The property name ColorButtonHover in UserButtonz10 is invalid.
Line 363: The property name ColorButtonUp in UserButtonz10 is invalid.
Line 364: The property name ColorButtonDown in UserButtonz10 is invalid.
Line 365: The property name BorderBrightness in UserButtonz10 is invalid.
Line 366: The property name ColorBright in UserButtonz10 is invalid.
Line 367: The property name DisplayHand in UserButtonz10 is invalid.
Line 368: The property name ColorScheme in UserButtonz10 is invalid.
Line 376: The property name _ExtentX in UserButtonz9 is invalid.
Line 377: The property name _ExtentY in UserButtonz9 is invalid.
Line 387: The property name Caption in UserButtonz9 is invalid.
Line 388: The property name IconHighLiteColor in UserButtonz9 is invalid.
Line 389: The property name CaptionHighLiteColor in UserButtonz9 is invalid.
Line 390: The property name Style in UserButtonz9 is invalid.
Line 391: The property name Checked in UserButtonz9 is invalid.
Line 392: The property name ColorButtonHover in UserButtonz9 is invalid.
Line 393: The property name ColorButtonUp in UserButtonz9 is invalid.
Line 394: The property name ColorButtonDown in UserButtonz9 is invalid.
Line 395: The property name BorderBrightness in UserButtonz9 is invalid.
Line 396: The property name ColorBright in UserButtonz9 is invalid.
Line 397: The property name DisplayHand in UserButtonz9 is invalid.
Line 398: The property name ColorScheme in UserButtonz9 is invalid.
Line 406: The property name _ExtentX in UserButtonz8 is invalid.
Line 407: The property name _ExtentY in UserButtonz8 is invalid.
Line 417: The property name Caption in UserButtonz8 is invalid.
Line 418: The property name IconHighLiteColor in UserButtonz8 is invalid.
Line 419: The property name CaptionHighLiteColor in UserButtonz8 is invalid.
Line 420: The property name Style in UserButtonz8 is invalid.
Line 421: The property name Checked in UserButtonz8 is invalid.
Line 422: The property name ColorButtonHover in UserButtonz8 is invalid.
Line 423: The property name ColorButtonUp in UserButtonz8 is invalid.
Line 424: The property name ColorButtonDown in UserButtonz8 is invalid.
Line 425: The property name BorderBrightness in UserButtonz8 is invalid.
Line 426: The property name ColorBright in UserButtonz8 is invalid.
Line 427: The property name DisplayHand in UserButtonz8 is invalid.
Line 428: The property name ColorScheme in UserButtonz8 is invalid.
Line 436: The property name _ExtentX in UserButtonz7 is invalid.
Line 437: The property name _ExtentY in UserButtonz7 is invalid.
Line 447: The property name Caption in UserButtonz7 is invalid.
Line 448: The property name IconHighLiteColor in UserButtonz7 is invalid.
Line 449: The property name CaptionHighLiteColor in UserButtonz7 is invalid.
Line 450: The property name Style in UserButtonz7 is invalid.
Line 451: The property name Checked in UserButtonz7 is invalid.
Line 452: The property name ColorButtonHover in UserButtonz7 is invalid.
Line 453: The property name ColorButtonUp in UserButtonz7 is invalid.
Line 454: The property name ColorButtonDown in UserButtonz7 is invalid.
Line 455: The property name BorderBrightness in UserButtonz7 is invalid.
Line 456: The property name ColorBright in UserButtonz7 is invalid.
Line 457: The property name DisplayHand in UserButtonz7 is invalid.
Line 458: The property name ColorScheme in UserButtonz7 is invalid.
Line 466: The property name _ExtentX in UserButtonz6 is invalid.
Line 467: The property name _ExtentY in UserButtonz6 is invalid.
Line 477: The property name Caption in UserButtonz6 is invalid.
Line 478: The property name IconHighLiteColor in UserButtonz6 is invalid.
Line 479: The property name CaptionHighLiteColor in UserButtonz6 is invalid.
Line 480: The property name Style in UserButtonz6 is invalid.
Line 481: The property name Checked in UserButtonz6 is invalid.
Line 482: The property name ColorButtonHover in UserButtonz6 is invalid.
Line 483: The property name ColorButtonUp in UserButtonz6 is invalid.
Line 484: The property name ColorButtonDown in UserButtonz6 is invalid.
Line 485: The property name BorderBrightness in UserButtonz6 is invalid.
Line 486: The property name ColorBright in UserButtonz6 is invalid.
Line 487: The property name DisplayHand in UserButtonz6 is invalid.
Line 488: The property name ColorScheme in UserButtonz6 is invalid.
Line 496: The property name _ExtentX in UserButtonz5 is invalid.
Line 497: The property name _ExtentY in UserButtonz5 is invalid.
Line 507: The property name Caption in UserButtonz5 is invalid.
Line 508: The property name IconHighLiteColor in UserButtonz5 is invalid.
Line 509: The property name CaptionHighLiteColor in UserButtonz5 is invalid.
Line 510: The property name Style in UserButtonz5 is invalid.
Line 511: The property name Checked in UserButtonz5 is invalid.
Line 512: The property name ColorButtonHover in UserButtonz5 is invalid.
Line 513: The property name ColorButtonUp in UserButtonz5 is invalid.
Line 514: The property name ColorButtonDown in UserButtonz5 is invalid.
Line 515: The property name BorderBrightness in UserButtonz5 is invalid.
Line 516: The property name ColorBright in UserButtonz5 is invalid.
Line 517: The property name DisplayHand in UserButtonz5 is invalid.
Line 518: The property name ColorScheme in UserButtonz5 is invalid.
Line 526: The property name _ExtentX in UserButtonz4 is invalid.
Line 527: The property name _ExtentY in UserButtonz4 is invalid.
Line 537: The property name Caption in UserButtonz4 is invalid.
Line 538: The property name IconHighLiteColor in UserButtonz4 is invalid.
Line 539: The property name CaptionHighLiteColor in UserButtonz4 is invalid.
Line 540: The property name Style in UserButtonz4 is invalid.
Line 541: The property name Checked in UserButtonz4 is invalid.
Line 542: The property name ColorButtonHover in UserButtonz4 is invalid.
Line 543: The property name ColorButtonUp in UserButtonz4 is invalid.
Line 544: The property name ColorButtonDown in UserButtonz4 is invalid.
Line 545: The property name BorderBrightness in UserButtonz4 is invalid.
Line 546: The property name ColorBright in UserButtonz4 is invalid.
Line 547: The property name DisplayHand in UserButtonz4 is invalid.
Line 548: The property name ColorScheme in UserButtonz4 is invalid.
Line 556: The property name _ExtentX in UserButtonz3 is invalid.
Line 557: The property name _ExtentY in UserButtonz3 is invalid.
Line 567: The property name Caption in UserButtonz3 is invalid.
Line 568: The property name IconHighLiteColor in UserButtonz3 is invalid.
Line 569: The property name CaptionHighLiteColor in UserButtonz3 is invalid.
Line 570: The property name Style in UserButtonz3 is invalid.
Line 571: The property name Checked in UserButtonz3 is invalid.
Line 572: The property name ColorButtonHover in UserButtonz3 is invalid.
Line 573: The property name ColorButtonUp in UserButtonz3 is invalid.
Line 574: The property name ColorButtonDown in UserButtonz3 is invalid.
Line 575: The property name BorderBrightness in UserButtonz3 is invalid.
Line 576: The property name ColorBright in UserButtonz3 is invalid.
Line 577: The property name DisplayHand in UserButtonz3 is invalid.
Line 578: The property name ColorScheme in UserButtonz3 is invalid.
Line 586: The property name _ExtentX in UserButtonz2 is invalid.
Line 587: The property name _ExtentY in UserButtonz2 is invalid.
Line 597: The property name Caption in UserButtonz2 is invalid.
Line 598: The property name IconHighLiteColor in UserButtonz2 is invalid.
Line 599: The property name CaptionHighLiteColor in UserButtonz2 is invalid.
Line 600: The property name Style in UserButtonz2 is invalid.
Line 601: The property name Checked in UserButtonz2 is invalid.
Line 602: The property name ColorButtonHover in UserButtonz2 is invalid.
Line 603: The property name ColorButtonUp in UserButtonz2 is invalid.
Line 604: The property name ColorButtonDown in UserButtonz2 is invalid.
Line 605: The property name BorderBrightness in UserButtonz2 is invalid.
Line 606: The property name ColorBright in UserButtonz2 is invalid.
Line 607: The property name DisplayHand in UserButtonz2 is invalid.
Line 608: The property name ColorScheme in UserButtonz2 is invalid.
Line 616: The property name _ExtentX in UserButtonz1 is invalid.
Line 617: The property name _ExtentY in UserButtonz1 is invalid.
Line 627: The property name Caption in UserButtonz1 is invalid.
Line 628: The property name IconHighLiteColor in UserButtonz1 is invalid.
Line 629: The property name CaptionHighLiteColor in UserButtonz1 is invalid.
Line 630: The property name Style in UserButtonz1 is invalid.
Line 631: The property name Checked in UserButtonz1 is invalid.
Line 632: The property name ColorButtonHover in UserButtonz1 is invalid.
Line 633: The property name ColorButtonUp in UserButtonz1 is invalid.
Line 634: The property name ColorButtonDown in UserButtonz1 is invalid.
Line 635: The property name BorderBrightness in UserButtonz1 is invalid.
Line 636: The property name ColorBright in UserButtonz1 is invalid.
Line 637: The property name DisplayHand in UserButtonz1 is invalid.
Line 638: The property name ColorScheme in UserButtonz1 is invalid.
